# JRE version: Java(TM) SE Runtime Environment (8.0_25-b18) (build 1.8.0_25-b18)
# Java VM: Java HotSpot(TM) Client VM (25.25-b02 mixed mode windows-x86 )
Heap:
 def new generation   total 44480K, used 16711K [0x03a00000, 0x06a40000, 0x18f50000)
  eden space 39552K,  29% used [0x03a00000, 0x04581c28, 0x060a0000)
  from space 4928K, 100% used [0x060a0000, 0x06570000, 0x06570000)
  to   space 4928K,   0% used [0x06570000, 0x06570000, 0x06a40000)
 tenured generation   total 98656K, used 69946K [0x18f50000, 0x1efa8000, 0x43a00000)
   the space 98656K,  70% used [0x18f50000, 0x1d39ea68, 0x1d39ec00, 0x1efa8000)
 Metaspace       used 39013K, capacity 41283K, committed 41600K, reserved 42368K
GC Heap History (10 events):
Event: 15349.133 GC heap before
{Heap before GC invocations=250 (full 16):
 def new generation   total 44480K, used 42742K [0x03a00000, 0x06a40000, 0x18f50000)
  eden space 39552K, 100% used [0x03a00000, 0x060a0000, 0x060a0000)
  from space 4928K,  64% used [0x06570000, 0x0688d870, 0x06a40000)
  to   space 4928K,   0% used [0x060a0000, 0x060a0000, 0x06570000)
 tenured generation   total 98656K, used 55422K [0x18f50000, 0x1efa8000, 0x43a00000)
   the space 98656K,  56% used [0x18f50000, 0x1c56fa20, 0x1c56fc00, 0x1efa8000)
 Metaspace       used 39011K, capacity 41281K, committed 41600K, reserved 42368K
Event: 15349.166 GC heap after
Heap after GC invocations=251 (full 16):
 def new generation   total 44480K, used 2542K [0x03a00000, 0x06a40000, 0x18f50000)
  eden space 39552K,   0% used [0x03a00000, 0x03a00000, 0x060a0000)
  from space 4928K,  51% used [0x060a0000, 0x0631bb88, 0x06570000)
  to   space 4928K,   0% used [0x06570000, 0x06570000, 0x06a40000)
 tenured generation   total 98656K, used 58434K [0x18f50000, 0x1efa8000, 0x43a00000)
   the space 98656K,  59% used [0x18f50000, 0x1c8608c8, 0x1c860a00, 0x1efa8000)
 Metaspace       used 39011K, capacity 41281K, committed 41600K, reserved 42368K
}
Event: 15352.289 GC heap before
{Heap before GC invocations=251 (full 16):
 def new generation   total 44480K, used 42094K [0x03a00000, 0x06a40000, 0x18f50000)
  eden space 39552K, 100% used [0x03a00000, 0x060a0000, 0x060a0000)
  from space 4928K,  51% used [0x060a0000, 0x0631bb88, 0x06570000)
  to   space 4928K,   0% used [0x06570000, 0x06570000, 0x06a40000)
 tenured generation   total 98656K, used 58434K [0x18f50000, 0x1efa8000, 0x43a00000)
   the space 98656K,  59% used [0x18f50000, 0x1c8608c8, 0x1c860a00, 0x1efa8000)
 Metaspace       used 39011K, capacity 41281K, committed 41600K, reserved 42368K
Event: 15352.304 GC heap after
Heap after GC invocations=252 (full 16):
 def new generation   total 44480K, used 282K [0x03a00000, 0x06a40000, 0x18f50000)
  eden space 39552K,   0% used [0x03a00000, 0x03a00000, 0x060a0000)
  from space 4928K,   5% used [0x06570000, 0x065b6b60, 0x06a40000)
  to   space 4928K,   0% used [0x060a0000, 0x060a0000, 0x06570000)
 tenured generation   total 98656K, used 60724K [0x18f50000, 0x1efa8000, 0x43a00000)
   the space 98656K,  61% used [0x18f50000, 0x1ca9d1f8, 0x1ca9d200, 0x1efa8000)
 Metaspace       used 39011K, capacity 41281K, committed 41600K, reserved 42368K
}
Event: 15353.401 GC heap before
{Heap before GC invocations=252 (full 16):
 def new generation   total 44480K, used 39834K [0x03a00000, 0x06a40000, 0x18f50000)
  eden space 39552K, 100% used [0x03a00000, 0x060a0000, 0x060a0000)
  from space 4928K,   5% used [0x06570000, 0x065b6b60, 0x06a40000)
  to   space 4928K,   0% used [0x060a0000, 0x060a0000, 0x06570000)
 tenured generation   total 98656K, used 60724K [0x18f50000, 0x1efa8000, 0x43a00000)
   the space 98656K,  61% used [0x18f50000, 0x1ca9d1f8, 0x1ca9d200, 0x1efa8000)
 Metaspace       used 39011K, capacity 41281K, committed 41600K, reserved 42368K
Event: 15353.458 GC heap after
Heap after GC invocations=253 (full 16):
 def new generation   total 44480K, used 417K [0x03a00000, 0x06a40000, 0x18f50000)
  eden space 39552K,   0% used [0x03a00000, 0x03a00000, 0x060a0000)
  from space 4928K,   8% used [0x060a0000, 0x06108730, 0x06570000)
  to   space 4928K,   0% used [0x06570000, 0x06570000, 0x06a40000)
 tenured generation   total 98656K, used 60724K [0x18f50000, 0x1efa8000, 0x43a00000)
   the space 98656K,  61% used [0x18f50000, 0x1ca9d1f8, 0x1ca9d200, 0x1efa8000)
 Metaspace       used 39011K, capacity 41281K, committed 41600K, reserved 42368K
}
Event: 15362.137 GC heap before
{Heap before GC invocations=253 (full 16):
 def new generation   total 44480K, used 39969K [0x03a00000, 0x06a40000, 0x18f50000)
  eden space 39552K, 100% used [0x03a00000, 0x060a0000, 0x060a0000)
  from space 4928K,   8% used [0x060a0000, 0x06108730, 0x06570000)
  to   space 4928K,   0% used [0x06570000, 0x06570000, 0x06a40000)
 tenured generation   total 98656K, used 60724K [0x18f50000, 0x1efa8000, 0x43a00000)
   the space 98656K,  61% used [0x18f50000, 0x1ca9d1f8, 0x1ca9d200, 0x1efa8000)
 Metaspace       used 39013K, capacity 41283K, committed 41600K, reserved 42368K
Event: 15362.153 GC heap after
Heap after GC invocations=254 (full 16):
 def new generation   total 44480K, used 3953K [0x03a00000, 0x06a40000, 0x18f50000)
  eden space 39552K,   0% used [0x03a00000, 0x03a00000, 0x060a0000)
  from space 4928K,  80% used [0x06570000, 0x0694c648, 0x06a40000)
  to   space 4928K,   0% used [0x060a0000, 0x060a0000, 0x06570000)
 tenured generation   total 98656K, used 60724K [0x18f50000, 0x1efa8000, 0x43a00000)
   the space 98656K,  61% used [0x18f50000, 0x1ca9d1f8, 0x1ca9d200, 0x1efa8000)
 Metaspace       used 39013K, capacity 41283K, committed 41600K, reserved 42368K
}
Event: 15362.602 GC heap before
{Heap before GC invocations=254 (full 16):
 def new generation   total 44480K, used 43505K [0x03a00000, 0x06a40000, 0x18f50000)
  eden space 39552K, 100% used [0x03a00000, 0x060a0000, 0x060a0000)
  from space 4928K,  80% used [0x06570000, 0x0694c648, 0x06a40000)
  to   space 4928K,   0% used [0x060a0000, 0x060a0000, 0x06570000)
 tenured generation   total 98656K, used 60724K [0x18f50000, 0x1efa8000, 0x43a00000)
   the space 98656K,  61% used [0x18f50000, 0x1ca9d1f8, 0x1ca9d200, 0x1efa8000)
 Metaspace       used 39013K, capacity 41283K, committed 41600K, reserved 42368K
Event: 15362.663 GC heap after
Heap after GC invocations=255 (full 16):
 def new generation   total 44480K, used 4928K [0x03a00000, 0x06a40000, 0x18f50000)
  eden space 39552K,   0% used [0x03a00000, 0x03a00000, 0x060a0000)
  from space 4928K, 100% used [0x060a0000, 0x06570000, 0x06570000)
  to   space 4928K,   0% used [0x06570000, 0x06570000, 0x06a40000)
 tenured generation   total 98656K, used 69946K [0x18f50000, 0x1efa8000, 0x43a00000)
   the space 98656K,  70% used [0x18f50000, 0x1d39ea68, 0x1d39ec00, 0x1efa8000)
 Metaspace       used 39013K, capacity 41283K, committed 41600K, reserved 42368K
}

